[38;5;8m2023-04-08 17:30:51[0m [I] [38;5;78;1mapp[0m [38;5;15;1mKoishi/4.12.3[0m
[38;5;8m2023-04-08 17:30:51[0m [I] [38;5;78;1mapp[0m apply plugin [38;5;78mgroup:entry[0m
[38;5;8m2023-04-08 17:30:51[0m [I] [38;5;78;1mapp[0m apply plugin [38;5;78mgroup:basic[0m
[38;5;8m2023-04-08 17:30:51[0m [I] [38;5;78;1mapp[0m apply plugin [38;5;78mlocales[0m
[38;5;8m2023-04-08 17:30:51[0m [I] [38;5;78;1mapp[0m apply plugin [38;5;78mrate-limit[0m
[38;5;8m2023-04-08 17:30:51[0m [I] [38;5;78;1mapp[0m apply plugin [38;5;78mcommands[0m
[38;5;8m2023-04-08 17:30:51[0m [I] [38;5;78;1mapp[0m apply plugin [38;5;78mhelp[0m
[38;5;8m2023-04-08 17:30:51[0m [I] [38;5;78;1mapp[0m apply plugin [38;5;78mconsole[0m
[38;5;8m2023-04-08 17:30:51[0m [I] [38;5;78;1mapp[0m apply plugin [38;5;78manalytics[0m
[38;5;8m2023-04-08 17:30:51[0m [I] [38;5;78;1mapp[0m apply plugin [38;5;78mgroup:console[0m
[38;5;8m2023-04-08 17:30:51[0m [I] [38;5;78;1mapp[0m apply plugin [38;5;78mdataview[0m
[38;5;8m2023-04-08 17:30:51[0m [I] [38;5;78;1mapp[0m apply plugin [38;5;78minsight[0m
[38;5;8m2023-04-08 17:30:51[0m [I] [38;5;78;1mapp[0m apply plugin [38;5;78mlogger[0m
[38;5;8m2023-04-08 17:30:51[0m [I] [38;5;78;1mapp[0m apply plugin [38;5;78mmarket[0m
[38;5;8m2023-04-08 17:30:51[0m [I] [38;5;78;1mapp[0m apply plugin [38;5;78msandbox[0m
[38;5;8m2023-04-08 17:30:51[0m [I] [38;5;78;1mapp[0m apply plugin [38;5;78mgroup:storage[0m
[38;5;8m2023-04-08 17:30:51[0m [I] [38;5;78;1mapp[0m apply plugin [38;5;78mstatus[0m
[38;5;8m2023-04-08 17:30:51[0m [I] [38;5;78;1mapp[0m apply plugin [38;5;78mdatabase-sqlite[0m
[38;5;8m2023-04-08 17:30:51[0m [I] [38;5;78;1mapp[0m apply plugin [38;5;78massets-local[0m
[38;5;8m2023-04-08 17:30:51[0m [I] [38;5;78;1mapp[0m apply plugin [38;5;78mgroup:adapter[0m
[38;5;8m2023-04-08 17:30:51[0m [I] [38;5;78;1mapp[0m apply plugin [38;5;78mgocqhttp[0m
[38;5;8m2023-04-08 17:30:51[0m [I] [38;5;204;1massets[0m missing config "selfUrl", fallback to "file:" scheme
[38;5;8m2023-04-08 17:30:51[0m [I] [38;5;78;1mapp[0m server listening at [38;5;78mhttp://127.0.0.1:5140[0m
[38;5;8m2023-04-08 17:30:52[0m [I] [38;5;209;1msqlite[0m auto creating table [38;5;209muser[0m
[38;5;8m2023-04-08 17:30:52[0m [I] [38;5;209;1msqlite[0m auto creating table [38;5;209mchannel[0m
[38;5;8m2023-04-08 17:30:52[0m [I] [38;5;209;1msqlite[0m auto creating table [38;5;209mbinding[0m
[38;5;8m2023-04-08 17:30:52[0m [I] [38;5;209;1msqlite[0m auto creating table [38;5;209mstats_hourly[0m
[38;5;8m2023-04-08 17:30:52[0m [I] [38;5;209;1msqlite[0m auto creating table [38;5;209mstats_daily[0m
[38;5;8m2023-04-08 17:30:52[0m [I] [38;5;209;1msqlite[0m auto creating table [38;5;209mstats_longterm[0m
[38;5;8m2023-04-08 17:33:35[0m [I] [38;5;78;1mapp[0m apply plugin [38;5;78madapter-onebot[0m
[38;5;8m2023-04-08 17:33:42[0m [I] [38;5;78;1mapp[0m apply plugin [38;5;78madapter-onebot[0m
[38;5;8m2023-04-08 17:33:49[0m [I] [38;5;78;1mapp[0m apply plugin [38;5;78madapter-onebot[0m
[38;5;8m2023-04-08 17:33:49[0m [I] [38;5;78;1mapp[0m apply plugin [38;5;78madapter-onebot[0m
[38;5;8m2023-04-08 17:33:49[0m [I] [38;5;78;1mapp[0m apply plugin [38;5;78madapter-onebot[0m
[38;5;8m2023-04-08 17:33:50[0m [I] [38;5;78;1mapp[0m apply plugin [38;5;78madapter-onebot[0m
[38;5;8m2023-04-08 17:33:50[0m [I] [38;5;78;1mapp[0m apply plugin [38;5;78madapter-onebot[0m
[38;5;8m2023-04-08 17:33:52[0m [I] [38;5;78;1mapp[0m apply plugin [38;5;78madapter-onebot[0m
[38;5;8m2023-04-08 17:33:59[0m [I] [38;5;78;1mapp[0m apply plugin [38;5;78madapter-onebot[0m
[38;5;8m2023-04-08 17:33:59[0m [I] [38;5;78;1mapp[0m apply plugin [38;5;78madapter-onebot[0m
[38;5;8m2023-04-08 17:34:00[0m [I] [38;5;78;1mapp[0m apply plugin [38;5;78madapter-onebot[0m
[38;5;8m2023-04-08 17:34:00[0m [I] [38;5;78;1mapp[0m apply plugin [38;5;78madapter-onebot[0m
[38;5;8m2023-04-08 17:34:05[0m [I] [38;5;78;1mapp[0m apply plugin [38;5;78madapter-onebot[0m
[38;5;8m2023-04-08 17:34:05[0m [I] [38;5;78;1mapp[0m apply plugin [38;5;78madapter-onebot[0m
[38;5;8m2023-04-08 17:34:05[0m [I] [38;5;78;1mapp[0m apply plugin [38;5;78madapter-onebot[0m
[38;5;8m2023-04-08 17:34:06[0m [I] [38;5;78;1mapp[0m apply plugin [38;5;78madapter-onebot[0m
[38;5;8m2023-04-08 17:34:06[0m [I] [38;5;78;1mapp[0m apply plugin [38;5;78madapter-onebot[0m
[38;5;8m2023-04-08 17:34:06[0m [I] [38;5;78;1mapp[0m apply plugin [38;5;78madapter-onebot[0m
[38;5;8m2023-04-08 17:34:06[0m [I] [38;5;78;1mapp[0m apply plugin [38;5;78madapter-onebot[0m
[38;5;8m2023-04-08 17:34:32[0m [I] [38;5;78;1mapp[0m apply plugin [38;5;78madapter-onebot[0m
[38;5;8m2023-04-08 17:34:32[0m [I] [38;5;78;1mapp[0m apply plugin [38;5;78madapter-onebot[0m
[38;5;8m2023-04-08 17:34:32[0m [I] [38;5;78;1mapp[0m apply plugin [38;5;78madapter-onebot[0m
[38;5;8m2023-04-08 17:34:32[0m [I] [38;5;78;1mapp[0m apply plugin [38;5;78madapter-onebot[0m
[38;5;8m2023-04-08 17:34:32[0m [I] [38;5;78;1mapp[0m apply plugin [38;5;78madapter-onebot[0m
[38;5;8m2023-04-08 17:34:41[0m [I] [38;5;78;1mapp[0m apply plugin [38;5;78madapter-onebot[0m
[38;5;8m2023-04-08 17:34:42[0m [I] [38;5;78;1mapp[0m apply plugin [38;5;78madapter-onebot[0m
[38;5;8m2023-04-08 17:34:42[0m [I] [38;5;78;1mapp[0m apply plugin [38;5;78madapter-onebot[0m
[38;5;8m2023-04-08 17:34:46[0m [I] [38;5;78;1mapp[0m apply plugin [38;5;78madapter-onebot[0m
[38;5;8m2023-04-08 17:35:31[0m [I] [38;5;78;1mapp[0m apply plugin [38;5;78madapter-onebot[0m
[38;5;8m2023-04-08 17:37:49[0m [I] [38;5;78;1mapp[0m apply plugin [38;5;78madapter-onebot[0m
[38;5;8m2023-04-08 17:37:54[0m [W] [38;5;32;1mgocqhttp[0m 账号密码未配置, 将使用二维码登录. 
[38;5;8m2023-04-08 17:37:54[0m [W] [38;5;32;1mgocqhttp[0m 虚拟设备信息不存在, 将自动生成随机设备.
[38;5;8m2023-04-08 17:37:54[0m [W] [38;5;32;1mgocqhttp[0m 当前协议不支持二维码登录, 请配置账号密码登录.
[38;5;8m2023-04-08 17:38:07[0m [W] [38;5;32;1mgocqhttp[0m 账号密码未配置, 将使用二维码登录. 
[38;5;8m2023-04-08 17:38:07[0m [W] [38;5;32;1mgocqhttp[0m 当前协议不支持二维码登录, 请配置账号密码登录.
[38;5;8m2023-04-08 17:38:18[0m [W] [38;5;32;1mgocqhttp[0m 账号密码未配置, 将使用二维码登录. 
[38;5;8m2023-04-08 17:38:19[0m [W] [38;5;32;1mgocqhttp[0m 当前协议不支持二维码登录, 请配置账号密码登录.
[38;5;8m2023-04-08 17:39:02[0m [W] [38;5;32;1mgocqhttp[0m 账号密码未配置, 将使用二维码登录. 
[38;5;8m2023-04-08 17:39:03[0m [W] [38;5;32;1mgocqhttp[0m 当前协议不支持二维码登录, 请配置账号密码登录.
[38;5;8m2023-04-08 17:39:03[0m [W] [38;5;32;1mgocqhttp[0m 账号密码未配置, 将使用二维码登录. 
[38;5;8m2023-04-08 17:39:04[0m [W] [38;5;32;1mgocqhttp[0m 当前协议不支持二维码登录, 请配置账号密码登录.
[38;5;8m2023-04-08 17:39:05[0m [I] [38;5;78;1mapp[0m reload plugin [38;5;78madapter-onebot[0m
[38;5;8m2023-04-08 17:39:08[0m [W] [38;5;32;1mgocqhttp[0m 登录需要滑条验证码, 请验证后重试. 
[38;5;8m2023-04-08 17:39:08[0m [W] [38;5;32;1mgocqhttp[0m 请选择提交滑块ticket方式: 
[38;5;8m2023-04-08 17:39:08[0m [W] [38;5;32;1mgocqhttp[0m 1. 自动提交
[38;5;8m2023-04-08 17:39:08[0m [W] [38;5;32;1mgocqhttp[0m 2. 手动抓取提交 
[38;5;8m2023-04-08 17:39:08[0m [W] [38;5;32;1mgocqhttp[0m 请输入(1 - 2)： 
[38;5;8m2023-04-08 17:39:08[0m [W] [38;5;32;1mgocqhttp[0m 请输入ticket： (Enter 提交)
[38;5;8m2023-04-08 17:39:08[0m [W] [38;5;32;1mgocqhttp[0m 请前往该地址验证 -> https://ssl.captcha.qq.com/template/wireless_mqq_captcha.html?style=simple&aid=16&uin=3340261471&sid=5712525046181869117&cap_cd=Gt5mEwXmzk2r1s1mYZT0ytpLqnKsZZ3tUOkzG7EnnQEWTmNVIM0E8w**&clientype=1&apptype=2  
[38;5;8m2023-04-08 17:39:16[0m [W] [38;5;32;1mgocqhttp[0m 登录失败: 登录失败，建议升级最新版本后重试，或通过问题反馈与我们联系。 Code: 45 
[38;5;8m2023-04-08 17:39:54[0m [W] [38;5;32;1mgocqhttp[0m 登录需要滑条验证码, 请验证后重试. 
[38;5;8m2023-04-08 17:39:54[0m [W] [38;5;32;1mgocqhttp[0m 请选择提交滑块ticket方式: 
[38;5;8m2023-04-08 17:39:54[0m [W] [38;5;32;1mgocqhttp[0m 1. 自动提交
[38;5;8m2023-04-08 17:39:54[0m [W] [38;5;32;1mgocqhttp[0m 2. 手动抓取提交 
[38;5;8m2023-04-08 17:39:54[0m [W] [38;5;32;1mgocqhttp[0m 请前往该地址验证 -> https://ssl.captcha.qq.com/template/wireless_mqq_captcha.html?style=simple&aid=16&uin=3340261471&sid=1877391835248277099&cap_cd=eCimk0YAESEJ7ealFwiVlIb7nfYMpGkV2gOx-9zh0_ugsbpeZwWSog**&clientype=1&apptype=2  
[38;5;8m2023-04-08 17:39:54[0m [W] [38;5;32;1mgocqhttp[0m 请输入ticket： (Enter 提交)
[38;5;8m2023-04-08 17:39:54[0m [W] [38;5;32;1mgocqhttp[0m 请输入(1 - 2)： 
[38;5;8m2023-04-08 17:39:57[0m [W] [38;5;32;1mgocqhttp[0m 登录失败: 登录失败，建议升级最新版本后重试，或通过问题反馈与我们联系。 Code: 45 
[38;5;8m2023-04-08 17:40:27[0m [I] [38;5;78;1mapp[0m reload plugin [38;5;78madapter-onebot[0m
[38;5;8m2023-04-08 17:40:27[0m [W] [38;5;32;1mgocqhttp[0m 虚拟设备信息不存在, 将自动生成随机设备.
[38;5;8m2023-04-08 17:40:34[0m [W] [38;5;32;1mgocqhttp[0m 请选择提交滑块ticket方式:
[38;5;8m2023-04-08 17:40:34[0m [W] [38;5;32;1mgocqhttp[0m 登录需要滑条验证码, 请验证后重试. 
[38;5;8m2023-04-08 17:40:34[0m [W] [38;5;32;1mgocqhttp[0m 1. 自动提交 
[38;5;8m2023-04-08 17:40:34[0m [W] [38;5;32;1mgocqhttp[0m 2. 手动抓取提交 
[38;5;8m2023-04-08 17:40:34[0m [W] [38;5;32;1mgocqhttp[0m 请输入(1 - 2)：
[38;5;8m2023-04-08 17:40:34[0m [W] [38;5;32;1mgocqhttp[0m 请前往该地址验证 -> https://ssl.captcha.qq.com/template/wireless_mqq_captcha.html?style=simple&aid=16&uin=410292132&sid=8129418532232443539&cap_cd=9_vohnqWdHeXkke5Od5ACn9Z4-uXvnLl1-aLT26tqy3r5e7jOPzqVA**&clientype=1&apptype=2
[38;5;8m2023-04-08 17:40:34[0m [W] [38;5;32;1mgocqhttp[0m 请输入ticket： (Enter 提交)
[38;5;8m2023-04-08 17:40:37[0m [W] [38;5;32;1mgocqhttp[0m 登录失败: 登录失败，建议升级最新版本后重试，或通过问题反馈与我们联系。 Code: 45 
[38;5;8m2023-04-08 17:42:20[0m [I] [38;5;78;1mapp[0m reload plugin [38;5;78madapter-onebot[0m
[38;5;8m2023-04-08 17:42:23[0m [W] [38;5;32;1mgocqhttp[0m 登录需要滑条验证码, 请验证后重试. 
[38;5;8m2023-04-08 17:42:23[0m [W] [38;5;32;1mgocqhttp[0m 请选择提交滑块ticket方式:
[38;5;8m2023-04-08 17:42:23[0m [W] [38;5;32;1mgocqhttp[0m 1. 自动提交 
[38;5;8m2023-04-08 17:42:23[0m [W] [38;5;32;1mgocqhttp[0m 2. 手动抓取提交 
[38;5;8m2023-04-08 17:42:23[0m [W] [38;5;32;1mgocqhttp[0m 请前往该地址验证 -> https://ssl.captcha.qq.com/template/wireless_mqq_captcha.html?style=simple&aid=16&uin=3340261471&sid=4935035652349703935&cap_cd=9hq6FBvrLbDAOigZyKb4OCxmmW5UQ73wzc-i5sd8WPGXhBYhoqdH5w**&clientype=1&apptype=2  
[38;5;8m2023-04-08 17:42:23[0m [W] [38;5;32;1mgocqhttp[0m 请输入(1 - 2)： 
[38;5;8m2023-04-08 17:42:23[0m [W] [38;5;32;1mgocqhttp[0m 请输入ticket： (Enter 提交)
[38;5;8m2023-04-08 17:42:29[0m [W] [38;5;32;1mgocqhttp[0m 登录失败: 登录失败，建议升级最新版本后重试，或通过问题反馈与我们联系。 Code: 45 
[38;5;8m2023-04-08 17:43:29[0m [W] [38;5;32;1mgocqhttp[0m 登录需要滑条验证码, 请验证后重试.
[38;5;8m2023-04-08 17:43:29[0m [W] [38;5;32;1mgocqhttp[0m 请选择提交滑块ticket方式: 
[38;5;8m2023-04-08 17:43:29[0m [W] [38;5;32;1mgocqhttp[0m 2. 手动抓取提交 
[38;5;8m2023-04-08 17:43:29[0m [W] [38;5;32;1mgocqhttp[0m 1. 自动提交 
[38;5;8m2023-04-08 17:43:29[0m [W] [38;5;32;1mgocqhttp[0m 请输入(1 - 2)：
[38;5;8m2023-04-08 17:43:29[0m [W] [38;5;32;1mgocqhttp[0m 请前往该地址验证 -> https://ssl.captcha.qq.com/template/wireless_mqq_captcha.html?style=simple&aid=16&uin=3340261471&sid=2593424988718577474&cap_cd=i-qhxHVb9XLyIZY8uZh6Z9j7Cb1E80D2UjJcUaG4TNWRZwPctpTD9Q**&clientype=1&apptype=2  
[38;5;8m2023-04-08 17:43:29[0m [W] [38;5;32;1mgocqhttp[0m 请输入ticket： (Enter 提交)
[38;5;8m2023-04-08 17:43:35[0m [W] [38;5;32;1mgocqhttp[0m 登录失败: 登录失败，建议升级最新版本后重试，或通过问题反馈与我们联系。 Code: 45 
[38;5;8m2023-04-08 17:44:11[0m [W] [38;5;32;1mgocqhttp[0m 1. 自动提交 
[38;5;8m2023-04-08 17:44:11[0m [W] [38;5;32;1mgocqhttp[0m 请选择提交滑块ticket方式: 
[38;5;8m2023-04-08 17:44:11[0m [W] [38;5;32;1mgocqhttp[0m 登录需要滑条验证码, 请验证后重试. 
[38;5;8m2023-04-08 17:44:11[0m [W] [38;5;32;1mgocqhttp[0m 2. 手动抓取提交
[38;5;8m2023-04-08 17:44:11[0m [W] [38;5;32;1mgocqhttp[0m 请前往该地址验证 -> https://ssl.captcha.qq.com/template/wireless_mqq_captcha.html?style=simple&aid=16&uin=3340261471&sid=1219666947335075692&cap_cd=aX2njHSEj4jXeFnubHKE3oJ1xSOwXvpbx1I2P5uJVKOH5YRPhhXv2Q**&clientype=1&apptype=2  
[38;5;8m2023-04-08 17:44:11[0m [W] [38;5;32;1mgocqhttp[0m 请输入(1 - 2)： 
[38;5;8m2023-04-08 17:44:11[0m [W] [38;5;32;1mgocqhttp[0m 请输入ticket： (Enter 提交)
[38;5;8m2023-04-08 17:44:20[0m [W] [38;5;32;1mgocqhttp[0m 登录失败: 登录失败，建议升级最新版本后重试，或通过问题反馈与我们联系。 Code: 45 
[38;5;8m2023-04-08 17:44:26[0m [W] [38;5;32;1mgocqhttp[0m 1. 自动提交 
[38;5;8m2023-04-08 17:44:26[0m [W] [38;5;32;1mgocqhttp[0m 登录需要滑条验证码, 请验证后重试.
[38;5;8m2023-04-08 17:44:26[0m [W] [38;5;32;1mgocqhttp[0m 请输入(1 - 2)：
[38;5;8m2023-04-08 17:44:26[0m [W] [38;5;32;1mgocqhttp[0m 请选择提交滑块ticket方式: 
[38;5;8m2023-04-08 17:44:26[0m [W] [38;5;32;1mgocqhttp[0m 2. 手动抓取提交 
[38;5;8m2023-04-08 17:44:26[0m [W] [38;5;32;1mgocqhttp[0m 请前往该地址验证 -> https://ssl.captcha.qq.com/template/wireless_mqq_captcha.html?style=simple&aid=16&uin=3340261471&sid=3112540175204431739&cap_cd=ARZNoZqYs63yaWWgwa3benfM9a6IRRRy6P9qrTq5s8B00fw8opnrGQ**&clientype=1&apptype=2  
[38;5;8m2023-04-08 17:44:26[0m [W] [38;5;32;1mgocqhttp[0m 请输入ticket： (Enter 提交)
[38;5;8m2023-04-08 17:44:28[0m [I] [38;5;78;1mapp[0m unload plugin [38;5;78madapter-onebot[0m
[38;5;8m2023-04-08 17:44:34[0m [I] [38;5;78;1mapp[0m apply plugin [38;5;78madapter-onebot[0m
[38;5;8m2023-04-08 17:44:37[0m [I] [38;5;78;1mapp[0m apply plugin [38;5;78madapter-onebot[0m
[38;5;8m2023-04-08 17:44:38[0m [I] [38;5;78;1mapp[0m apply plugin [38;5;78madapter-onebot[0m
[38;5;8m2023-04-08 17:44:38[0m [I] [38;5;78;1mapp[0m apply plugin [38;5;78madapter-onebot[0m
[38;5;8m2023-04-08 17:48:00[0m [I] [38;5;78;1mapp[0m apply plugin [38;5;78madapter-onebot[0m
[38;5;8m2023-04-08 17:48:01[0m [W] [38;5;32;1mgocqhttp[0m 请选择提交滑块ticket方式:
[38;5;8m2023-04-08 17:48:01[0m [W] [38;5;32;1mgocqhttp[0m 登录需要滑条验证码, 请验证后重试. 
[38;5;8m2023-04-08 17:48:01[0m [W] [38;5;32;1mgocqhttp[0m 2. 手动抓取提交 
[38;5;8m2023-04-08 17:48:01[0m [W] [38;5;32;1mgocqhttp[0m 1. 自动提交 
[38;5;8m2023-04-08 17:48:01[0m [W] [38;5;32;1mgocqhttp[0m 请前往该地址验证 -> https://ssl.captcha.qq.com/template/wireless_mqq_captcha.html?style=simple&aid=16&uin=3340261471&sid=1580634956876560466&cap_cd=f0dE2_LuR5ukaT86MwAbkqRsdWNM0iC56pSAYIP4hzM6XoNoVIr7IA**&clientype=1&apptype=2  
[38;5;8m2023-04-08 17:48:01[0m [W] [38;5;32;1mgocqhttp[0m 请输入(1 - 2)： 
[38;5;8m2023-04-08 17:48:01[0m [W] [38;5;32;1mgocqhttp[0m 请输入ticket： (Enter 提交)
[38;5;8m2023-04-08 17:48:14[0m [I] [38;5;78;1mapp[0m reload plugin [38;5;78madapter-onebot[0m
[38;5;8m2023-04-08 17:48:14[0m [W] [38;5;32;1mgocqhttp[0m 账号密码未配置, 将使用二维码登录. 
[38;5;8m2023-04-08 17:48:30[0m [W] [38;5;32;1mgocqhttp[0m Protocol -> device lock is disable. http api may fail.
[38;5;8m2023-04-08 17:49:30[0m [I] [38;5;32;1mgocqhttp[0m ——来自群管理员（1106823162）的编辑 (397292148)
[38;5;8m2023-04-08 17:49:30[0m [I] [38;5;32;1mgocqhttp[0m https://docs.qq.com/doc/DYWtrWVZSZW1ydWpS[CQ:image,file=c1201fd635b115779239206f4dea97e1.image,subType=0,url=https://gchat.qpic.cn/gchatpic_new/2854196310/780288114-3199867778-C1201FD635B115779239206F4DEA97E1/0?term=2&amp;is_origin=0]
[38;5;8m2023-04-08 17:58:18[0m [I] [38;5;78;1mapp[0m apply plugin [38;5;78mgroup:0ljvmt[0m
[38;5;8m2023-04-08 17:58:35[0m [I] [38;5;78;1mapp[0m [38;5;15;1mKoishi/4.12.3[0m
[38;5;8m2023-04-08 17:58:35[0m [I] [38;5;78;1mapp[0m apply plugin [38;5;78mgroup:entry[0m
[38;5;8m2023-04-08 17:58:35[0m [I] [38;5;78;1mapp[0m apply plugin [38;5;78mgroup:basic[0m
[38;5;8m2023-04-08 17:58:35[0m [I] [38;5;78;1mapp[0m apply plugin [38;5;78mrate-limit[0m
[38;5;8m2023-04-08 17:58:35[0m [I] [38;5;78;1mapp[0m apply plugin [38;5;78mgroup:console[0m
[38;5;8m2023-04-08 17:58:35[0m [I] [38;5;78;1mapp[0m apply plugin [38;5;78mhelp[0m
[38;5;8m2023-04-08 17:58:35[0m [I] [38;5;78;1mapp[0m apply plugin [38;5;78mcommands[0m
[38;5;8m2023-04-08 17:58:35[0m [I] [38;5;78;1mapp[0m apply plugin [38;5;78mlocales[0m
[38;5;8m2023-04-08 17:58:35[0m [I] [38;5;78;1mapp[0m apply plugin [38;5;78manalytics[0m
[38;5;8m2023-04-08 17:58:35[0m [I] [38;5;78;1mapp[0m apply plugin [38;5;78mconsole[0m
[38;5;8m2023-04-08 17:58:35[0m [I] [38;5;78;1mapp[0m apply plugin [38;5;78mdataview[0m
[38;5;8m2023-04-08 17:58:35[0m [I] [38;5;78;1mapp[0m apply plugin [38;5;78mmarket[0m
[38;5;8m2023-04-08 17:58:35[0m [I] [38;5;78;1mapp[0m apply plugin [38;5;78minsight[0m
[38;5;8m2023-04-08 17:58:35[0m [I] [38;5;78;1mapp[0m apply plugin [38;5;78mgroup:storage[0m
[38;5;8m2023-04-08 17:58:35[0m [I] [38;5;78;1mapp[0m apply plugin [38;5;78msandbox[0m
[38;5;8m2023-04-08 17:58:35[0m [I] [38;5;78;1mapp[0m apply plugin [38;5;78mstatus[0m
[38;5;8m2023-04-08 17:58:35[0m [I] [38;5;78;1mapp[0m apply plugin [38;5;78mlogger[0m
[38;5;8m2023-04-08 17:58:35[0m [I] [38;5;78;1mapp[0m apply plugin [38;5;78mdatabase-sqlite[0m
[38;5;8m2023-04-08 17:58:35[0m [I] [38;5;78;1mapp[0m apply plugin [38;5;78massets-local[0m
[38;5;8m2023-04-08 17:58:35[0m [I] [38;5;78;1mapp[0m apply plugin [38;5;78mgroup:adapter[0m
[38;5;8m2023-04-08 17:58:35[0m [I] [38;5;78;1mapp[0m apply plugin [38;5;78mgocqhttp[0m
[38;5;8m2023-04-08 17:58:35[0m [I] [38;5;78;1mapp[0m apply plugin [38;5;78madapter-onebot[0m
[38;5;8m2023-04-08 17:58:35[0m [I] [38;5;78;1mapp[0m apply plugin [38;5;78mgroup:0ljvmt[0m
[38;5;8m2023-04-08 17:58:35[0m [I] [38;5;204;1massets[0m missing config "selfUrl", fallback to "file:" scheme
[38;5;8m2023-04-08 17:58:35[0m [I] [38;5;78;1mapp[0m server listening at [38;5;78mhttp://127.0.0.1:5140[0m
[38;5;8m2023-04-08 17:58:36[0m [W] [38;5;178;1mmarket[0m failed to parse [38;5;178mkoishi-plugin-gpt[0m
[38;5;8m2023-04-08 17:58:36[0m [W] [38;5;178;1mmarket[0m Error: Cannot find module 'D:\workplace\bot-zzq\node_modules\koishi-plugin-gpt\lib\index.js'. Please verify that the package.json has a valid "main" entry
                            at tryPackage (node:internal/modules/cjs/loader:353:19)
                            at Function.Module._findPath (node:internal/modules/cjs/loader:566:18)
                            at Function.Module._resolveFilename (node:internal/modules/cjs/loader:919:27)
                            at Function.resolve (node:internal/modules/cjs/helpers:108:19)
                            at PackageProvider2.loadPackage (D:\workplace\bot-zzq\node_modules\@koishijs\plugin-market\lib\node\index.js:387:26)
                            at PackageProvider2.loadDirectory (D:\workplace\bot-zzq\node_modules\@koishijs\plugin-market\lib\node\index.js:380:16)
                            at async Promise.all (index 0)
                            at async PackageProvider2.prepare (D:\workplace\bot-zzq\node_modules\@koishijs\plugin-market\lib\node\index.js:352:5)
[38;5;8m2023-04-08 17:58:36[0m [W] [38;5;32;1mgocqhttp[0m Protocol -> device lock is disable. http api may fail.
[38;5;8m2023-04-08 17:59:34[0m [I] [38;5;78;1mapp[0m [38;5;15;1mKoishi/4.12.3[0m
[38;5;8m2023-04-08 17:59:35[0m [I] [38;5;78;1mapp[0m apply plugin [38;5;78mgroup:entry[0m
[38;5;8m2023-04-08 17:59:35[0m [I] [38;5;78;1mapp[0m apply plugin [38;5;78mlocales[0m
[38;5;8m2023-04-08 17:59:35[0m [I] [38;5;78;1mapp[0m apply plugin [38;5;78mcommands[0m
[38;5;8m2023-04-08 17:59:35[0m [I] [38;5;78;1mapp[0m apply plugin [38;5;78mhelp[0m
[38;5;8m2023-04-08 17:59:35[0m [I] [38;5;78;1mapp[0m apply plugin [38;5;78mrate-limit[0m
[38;5;8m2023-04-08 17:59:35[0m [I] [38;5;78;1mapp[0m apply plugin [38;5;78mgroup:basic[0m
[38;5;8m2023-04-08 17:59:35[0m [I] [38;5;78;1mapp[0m apply plugin [38;5;78manalytics[0m
[38;5;8m2023-04-08 17:59:35[0m [I] [38;5;78;1mapp[0m apply plugin [38;5;78mconsole[0m
[38;5;8m2023-04-08 17:59:35[0m [I] [38;5;78;1mapp[0m apply plugin [38;5;78mgroup:console[0m
[38;5;8m2023-04-08 17:59:35[0m [I] [38;5;78;1mapp[0m apply plugin [38;5;78mlogger[0m
[38;5;8m2023-04-08 17:59:35[0m [I] [38;5;78;1mapp[0m apply plugin [38;5;78msandbox[0m
[38;5;8m2023-04-08 17:59:35[0m [I] [38;5;78;1mapp[0m apply plugin [38;5;78minsight[0m
[38;5;8m2023-04-08 17:59:35[0m [I] [38;5;78;1mapp[0m apply plugin [38;5;78mdataview[0m
[38;5;8m2023-04-08 17:59:35[0m [I] [38;5;78;1mapp[0m apply plugin [38;5;78mstatus[0m
[38;5;8m2023-04-08 17:59:35[0m [I] [38;5;78;1mapp[0m apply plugin [38;5;78mmarket[0m
[38;5;8m2023-04-08 17:59:35[0m [I] [38;5;78;1mapp[0m apply plugin [38;5;78mgroup:storage[0m
[38;5;8m2023-04-08 17:59:35[0m [I] [38;5;78;1mapp[0m apply plugin [38;5;78massets-local[0m
[38;5;8m2023-04-08 17:59:35[0m [I] [38;5;78;1mapp[0m apply plugin [38;5;78mdatabase-sqlite[0m
[38;5;8m2023-04-08 17:59:35[0m [I] [38;5;78;1mapp[0m apply plugin [38;5;78madapter-onebot[0m
[38;5;8m2023-04-08 17:59:35[0m [I] [38;5;78;1mapp[0m apply plugin [38;5;78mgocqhttp[0m
[38;5;8m2023-04-08 17:59:35[0m [I] [38;5;78;1mapp[0m apply plugin [38;5;78mgroup:0ljvmt[0m
[38;5;8m2023-04-08 17:59:35[0m [I] [38;5;78;1mapp[0m apply plugin [38;5;78mgroup:adapter[0m
[38;5;8m2023-04-08 17:59:35[0m [I] [38;5;204;1massets[0m missing config "selfUrl", fallback to "file:" scheme
[38;5;8m2023-04-08 17:59:35[0m [I] [38;5;78;1mapp[0m server listening at [38;5;78mhttp://127.0.0.1:5140[0m
[38;5;8m2023-04-08 17:59:35[0m [W] [38;5;178;1mmarket[0m Error: Cannot find module 'D:\workplace\bot-zzq\node_modules\koishi-plugin-gpt\lib\index.js'. Please verify that the package.json has a valid "main" entry
                            at tryPackage (node:internal/modules/cjs/loader:353:19)
                            at Function.Module._findPath (node:internal/modules/cjs/loader:566:18)
                            at Function.Module._resolveFilename (node:internal/modules/cjs/loader:919:27)
                            at Function.resolve (node:internal/modules/cjs/helpers:108:19)
                            at PackageProvider2.loadPackage (D:\workplace\bot-zzq\node_modules\@koishijs\plugin-market\lib\node\index.js:387:26)
                            at PackageProvider2.loadDirectory (D:\workplace\bot-zzq\node_modules\@koishijs\plugin-market\lib\node\index.js:380:16)
                            at async Promise.all (index 0)
                            at async PackageProvider2.prepare (D:\workplace\bot-zzq\node_modules\@koishijs\plugin-market\lib\node\index.js:352:5)
                            at async PackageProvider2.get (D:\workplace\bot-zzq\node_modules\@koishijs\plugin-market\lib\node\index.js:357:5)
                            at async PackageProvider2.refresh (D:\workplace\bot-zzq\node_modules\@koishijs\plugin-console\lib\shared\index.js:66:14)
[38;5;8m2023-04-08 17:59:35[0m [W] [38;5;178;1mmarket[0m failed to parse [38;5;178mkoishi-plugin-gpt[0m
[38;5;8m2023-04-08 17:59:36[0m [W] [38;5;32;1mgocqhttp[0m Protocol -> device lock is disable. http api may fail.
[38;5;8m2023-04-08 18:00:10[0m [I] [38;5;78;1mapp[0m unload plugin [38;5;78mgroup:0ljvmt[0m
[38;5;8m2023-04-08 18:01:34[0m [I] [38;5;78;1mapp[0m [38;5;15;1mKoishi/4.12.3[0m
[38;5;8m2023-04-08 18:01:34[0m [I] [38;5;78;1mapp[0m apply plugin [38;5;78mgroup:entry[0m
[38;5;8m2023-04-08 18:01:34[0m [I] [38;5;78;1mapp[0m apply plugin [38;5;78mcommands[0m
[38;5;8m2023-04-08 18:01:35[0m [I] [38;5;78;1mapp[0m apply plugin [38;5;78mlocales[0m
[38;5;8m2023-04-08 18:01:35[0m [I] [38;5;78;1mapp[0m apply plugin [38;5;78mrate-limit[0m
[38;5;8m2023-04-08 18:01:34[0m [I] [38;5;78;1mapp[0m apply plugin [38;5;78mgroup:basic[0m
[38;5;8m2023-04-08 18:01:35[0m [I] [38;5;78;1mapp[0m apply plugin [38;5;78mgroup:console[0m
[38;5;8m2023-04-08 18:01:35[0m [I] [38;5;78;1mapp[0m apply plugin [38;5;78mhelp[0m
[38;5;8m2023-04-08 18:01:35[0m [I] [38;5;78;1mapp[0m apply plugin [38;5;78manalytics[0m
[38;5;8m2023-04-08 18:01:35[0m [I] [38;5;78;1mapp[0m apply plugin [38;5;78mconsole[0m
[38;5;8m2023-04-08 18:01:35[0m [I] [38;5;78;1mapp[0m apply plugin [38;5;78mdataview[0m
[38;5;8m2023-04-08 18:01:35[0m [I] [38;5;78;1mapp[0m apply plugin [38;5;78mlogger[0m
[38;5;8m2023-04-08 18:01:35[0m [I] [38;5;78;1mapp[0m apply plugin [38;5;78mmarket[0m
[38;5;8m2023-04-08 18:01:35[0m [I] [38;5;78;1mapp[0m apply plugin [38;5;78mstatus[0m
[38;5;8m2023-04-08 18:01:35[0m [I] [38;5;78;1mapp[0m apply plugin [38;5;78msandbox[0m
[38;5;8m2023-04-08 18:01:35[0m [I] [38;5;78;1mapp[0m apply plugin [38;5;78minsight[0m
[38;5;8m2023-04-08 18:01:35[0m [I] [38;5;78;1mapp[0m apply plugin [38;5;78mgroup:storage[0m
[38;5;8m2023-04-08 18:01:35[0m [I] [38;5;78;1mapp[0m apply plugin [38;5;78mdatabase-sqlite[0m
[38;5;8m2023-04-08 18:01:35[0m [I] [38;5;78;1mapp[0m apply plugin [38;5;78massets-local[0m
[38;5;8m2023-04-08 18:01:35[0m [I] [38;5;78;1mapp[0m apply plugin [38;5;78madapter-onebot[0m
[38;5;8m2023-04-08 18:01:35[0m [I] [38;5;78;1mapp[0m apply plugin [38;5;78mgroup:adapter[0m
[38;5;8m2023-04-08 18:01:35[0m [I] [38;5;78;1mapp[0m apply plugin [38;5;78mgocqhttp[0m
[38;5;8m2023-04-08 18:01:35[0m [I] [38;5;78;1mapp[0m server listening at [38;5;78mhttp://127.0.0.1:5140[0m
[38;5;8m2023-04-08 18:01:35[0m [I] [38;5;204;1massets[0m missing config "selfUrl", fallback to "file:" scheme
[38;5;8m2023-04-08 18:01:35[0m [W] [38;5;178;1mmarket[0m failed to parse [38;5;178mkoishi-plugin-gpt[0m
[38;5;8m2023-04-08 18:01:35[0m [W] [38;5;178;1mmarket[0m Error: Cannot find module 'D:\workplace\bot-zzq\node_modules\koishi-plugin-gpt\lib\index.js'. Please verify that the package.json has a valid "main" entry
                            at tryPackage (node:internal/modules/cjs/loader:353:19)
                            at Function.Module._findPath (node:internal/modules/cjs/loader:566:18)
                            at Function.Module._resolveFilename (node:internal/modules/cjs/loader:919:27)
                            at Function.resolve (node:internal/modules/cjs/helpers:108:19)
                            at PackageProvider2.loadPackage (D:\workplace\bot-zzq\node_modules\@koishijs\plugin-market\lib\node\index.js:387:26)
                            at PackageProvider2.loadDirectory (D:\workplace\bot-zzq\node_modules\@koishijs\plugin-market\lib\node\index.js:380:16)
                            at async Promise.all (index 0)
                            at async PackageProvider2.prepare (D:\workplace\bot-zzq\node_modules\@koishijs\plugin-market\lib\node\index.js:352:5)
[38;5;8m2023-04-08 18:01:36[0m [W] [38;5;32;1mgocqhttp[0m Protocol -> device lock is disable. http api may fail.
[38;5;8m2023-04-08 18:02:37[0m [I] [38;5;78;1mapp[0m apply plugin [38;5;78mgroup:entry[0m
[38;5;8m2023-04-08 18:02:37[0m [I] [38;5;78;1mapp[0m [38;5;15;1mKoishi/4.12.3[0m
[38;5;8m2023-04-08 18:02:37[0m [I] [38;5;78;1mapp[0m apply plugin [38;5;78mgroup:basic[0m
[38;5;8m2023-04-08 18:02:37[0m [I] [38;5;78;1mapp[0m apply plugin [38;5;78mlocales[0m
[38;5;8m2023-04-08 18:02:37[0m [I] [38;5;78;1mapp[0m apply plugin [38;5;78mhelp[0m
[38;5;8m2023-04-08 18:02:37[0m [I] [38;5;78;1mapp[0m apply plugin [38;5;78mcommands[0m
[38;5;8m2023-04-08 18:02:37[0m [I] [38;5;78;1mapp[0m apply plugin [38;5;78mrate-limit[0m
[38;5;8m2023-04-08 18:02:37[0m [I] [38;5;78;1mapp[0m apply plugin [38;5;78mgroup:console[0m
[38;5;8m2023-04-08 18:02:37[0m [I] [38;5;78;1mapp[0m apply plugin [38;5;78manalytics[0m
[38;5;8m2023-04-08 18:02:37[0m [I] [38;5;78;1mapp[0m apply plugin [38;5;78mconsole[0m
[38;5;8m2023-04-08 18:02:37[0m [I] [38;5;78;1mapp[0m apply plugin [38;5;78mdataview[0m
[38;5;8m2023-04-08 18:02:37[0m [I] [38;5;78;1mapp[0m apply plugin [38;5;78msandbox[0m
[38;5;8m2023-04-08 18:02:37[0m [I] [38;5;78;1mapp[0m apply plugin [38;5;78mlogger[0m
[38;5;8m2023-04-08 18:02:37[0m [I] [38;5;78;1mapp[0m apply plugin [38;5;78minsight[0m
[38;5;8m2023-04-08 18:02:37[0m [I] [38;5;78;1mapp[0m apply plugin [38;5;78mmarket[0m
[38;5;8m2023-04-08 18:02:37[0m [I] [38;5;78;1mapp[0m apply plugin [38;5;78mstatus[0m
[38;5;8m2023-04-08 18:02:37[0m [I] [38;5;78;1mapp[0m apply plugin [38;5;78mgroup:storage[0m
[38;5;8m2023-04-08 18:02:37[0m [I] [38;5;78;1mapp[0m apply plugin [38;5;78mdatabase-sqlite[0m
[38;5;8m2023-04-08 18:02:37[0m [I] [38;5;78;1mapp[0m apply plugin [38;5;78massets-local[0m
[38;5;8m2023-04-08 18:02:37[0m [I] [38;5;78;1mapp[0m apply plugin [38;5;78mgroup:adapter[0m
[38;5;8m2023-04-08 18:02:37[0m [I] [38;5;78;1mapp[0m apply plugin [38;5;78madapter-onebot[0m
[38;5;8m2023-04-08 18:02:37[0m [I] [38;5;204;1massets[0m missing config "selfUrl", fallback to "file:" scheme
[38;5;8m2023-04-08 18:02:37[0m [I] [38;5;78;1mapp[0m server listening at [38;5;78mhttp://127.0.0.1:5140[0m
[38;5;8m2023-04-08 18:02:37[0m [I] [38;5;78;1mapp[0m apply plugin [38;5;78mgocqhttp[0m
[38;5;8m2023-04-08 18:02:38[0m [W] [38;5;178;1mmarket[0m failed to parse [38;5;178mkoishi-plugin-gpt[0m
[38;5;8m2023-04-08 18:02:38[0m [W] [38;5;178;1mmarket[0m Error: Cannot find module 'D:\workplace\bot-zzq\node_modules\koishi-plugin-gpt\lib\index.ts'. Please verify that the package.json has a valid "main" entry
                            at tryPackage (node:internal/modules/cjs/loader:353:19)
                            at Function.Module._findPath (node:internal/modules/cjs/loader:566:18)
                            at Function.Module._resolveFilename (node:internal/modules/cjs/loader:919:27)
                            at Function.resolve (node:internal/modules/cjs/helpers:108:19)
                            at PackageProvider2.loadPackage (D:\workplace\bot-zzq\node_modules\@koishijs\plugin-market\lib\node\index.js:387:26)
                            at PackageProvider2.loadDirectory (D:\workplace\bot-zzq\node_modules\@koishijs\plugin-market\lib\node\index.js:380:16)
                            at async Promise.all (index 0)
                            at async PackageProvider2.prepare (D:\workplace\bot-zzq\node_modules\@koishijs\plugin-market\lib\node\index.js:352:5)
                            at async PackageProvider2.get (D:\workplace\bot-zzq\node_modules\@koishijs\plugin-market\lib\node\index.js:357:5)
                            at async PackageProvider2.refresh (D:\workplace\bot-zzq\node_modules\@koishijs\plugin-console\lib\shared\index.js:66:14)
[38;5;8m2023-04-08 18:02:38[0m [W] [38;5;32;1mgocqhttp[0m Protocol -> device lock is disable. http api may fail.
[38;5;8m2023-04-08 18:16:45[0m [W] [38;5;209;1msqlite[0m > INSERT INTO `binding` (`aid`, `bid`, `pid`, `platform`) VALUES (9, 9, '1758418831', 'onebot')
[38;5;8m2023-04-08 18:16:45[0m [W] [38;5;209;1msqlite[0m > INSERT INTO `binding` (`aid`, `bid`, `pid`, `platform`) VALUES (8, 8, '1758418831', 'onebot')
[38;5;8m2023-04-08 18:16:45[0m [W] [38;5;129;1msession[0m 不能
                        Error: UNIQUE constraint failed: binding.pid, binding.platform
                            at f.handleError (D:\workplace\bot-zzq\node_modules\@minatojs\sql.js\dist\sql-wasm.js:91:290)
                            at c.step (D:\workplace\bot-zzq\node_modules\@minatojs\sql.js\dist\sql-wasm.js:81:394)
                            at c.run (D:\workplace\bot-zzq\node_modules\@minatojs\sql.js\dist\sql-wasm.js:84:116)
                            at D:\workplace\bot-zzq\node_modules\@minatojs\driver-sqlite\lib\index.js:365:80
                            at SQLiteDriver.#exec (D:\workplace\bot-zzq\node_modules\@minatojs\driver-sqlite\lib\index.js:339:20)
                            at SQLiteDriver.#run (D:\workplace\bot-zzq\node_modules\@minatojs\driver-sqlite\lib\index.js:365:41)
                            at SQLiteDriver.#create (D:\workplace\bot-zzq\node_modules\@minatojs\driver-sqlite\lib\index.js:394:46)
                            at SQLiteDriver.create (D:\workplace\bot-zzq\node_modules\@minatojs\driver-sqlite\lib\index.js:302:62)
                            at Executable.execute (D:\workplace\bot-zzq\node_modules\@minatojs\core\lib\index.cjs:384:34)
                            at processTicksAndRejections (node:internal/process/task_queues:96:5)
[38;5;8m2023-04-08 18:16:45[0m [W] [38;5;129;1msession[0m <at id="1069813526"/> 请问我昨天申请的账号，啥时候能通过呀？
                        Error: UNIQUE constraint failed: binding.pid, binding.platform
                            at f.handleError (D:\workplace\bot-zzq\node_modules\@minatojs\sql.js\dist\sql-wasm.js:91:290)
                            at c.step (D:\workplace\bot-zzq\node_modules\@minatojs\sql.js\dist\sql-wasm.js:81:394)
                            at c.run (D:\workplace\bot-zzq\node_modules\@minatojs\sql.js\dist\sql-wasm.js:84:116)
                            at D:\workplace\bot-zzq\node_modules\@minatojs\driver-sqlite\lib\index.js:365:80
                            at SQLiteDriver.#exec (D:\workplace\bot-zzq\node_modules\@minatojs\driver-sqlite\lib\index.js:339:20)
                            at SQLiteDriver.#run (D:\workplace\bot-zzq\node_modules\@minatojs\driver-sqlite\lib\index.js:365:41)
                            at SQLiteDriver.#create (D:\workplace\bot-zzq\node_modules\@minatojs\driver-sqlite\lib\index.js:394:46)
                            at SQLiteDriver.create (D:\workplace\bot-zzq\node_modules\@minatojs\driver-sqlite\lib\index.js:302:62)
                            at Executable.execute (D:\workplace\bot-zzq\node_modules\@minatojs\core\lib\index.cjs:384:34)
                            at processTicksAndRejections (node:internal/process/task_queues:96:5)
[38;5;8m2023-04-08 18:16:45[0m [W] [38;5;129;1msession[0m 本来就数据转移还没完成
                        Error: UNIQUE constraint failed: binding.pid, binding.platform
                            at f.handleError (D:\workplace\bot-zzq\node_modules\@minatojs\sql.js\dist\sql-wasm.js:91:290)
                            at c.step (D:\workplace\bot-zzq\node_modules\@minatojs\sql.js\dist\sql-wasm.js:81:394)
                            at c.run (D:\workplace\bot-zzq\node_modules\@minatojs\sql.js\dist\sql-wasm.js:84:116)
                            at D:\workplace\bot-zzq\node_modules\@minatojs\driver-sqlite\lib\index.js:365:80
                            at SQLiteDriver.#exec (D:\workplace\bot-zzq\node_modules\@minatojs\driver-sqlite\lib\index.js:339:20)
                            at SQLiteDriver.#run (D:\workplace\bot-zzq\node_modules\@minatojs\driver-sqlite\lib\index.js:365:41)
                            at SQLiteDriver.#create (D:\workplace\bot-zzq\node_modules\@minatojs\driver-sqlite\lib\index.js:394:46)
                            at SQLiteDriver.create (D:\workplace\bot-zzq\node_modules\@minatojs\driver-sqlite\lib\index.js:302:62)
                            at Executable.execute (D:\workplace\bot-zzq\node_modules\@minatojs\core\lib\index.cjs:384:34)
                            at processTicksAndRejections (node:internal/process/task_queues:96:5)
[38;5;8m2023-04-08 18:16:45[0m [W] [38;5;209;1msqlite[0m > INSERT INTO `binding` (`aid`, `bid`, `pid`, `platform`) VALUES (12, 12, '865692343', 'onebot')
[38;5;8m2023-04-08 18:51:54[0m [E] [38;5;32;1mgocqhttp[0m Protocol -> unexpected disconnect: read tcp 192.168.31.31:61908->116.130.229.126:8080: wsarecv: An established connection was aborted by the software in your host machine.
[38;5;8m2023-04-08 18:51:54[0m [E] [38;5;32;1mgocqhttp[0m Protocol -> connect server error: dial tcp error: dial tcp 112.86.231.234:443: connectex: A socket operation was attempted to an unreachable host.
[38;5;8m2023-04-08 18:51:54[0m [E] [38;5;32;1mgocqhttp[0m Protocol -> connect server error: dial tcp error: dial tcp 112.86.231.234:443: connectex: A socket operation was attempted to an unreachable host. 
[38;5;8m2023-04-08 18:51:54[0m [W] [38;5;32;1mgocqhttp[0m Bot已离线: connection dropped by server.
[38;5;8m2023-04-08 18:51:57[0m [W] [38;5;32;1mgocqhttp[0m 将在 3 秒后尝试重连. 重连次数：2/0
[38;5;8m2023-04-08 18:52:00[0m [W] [38;5;32;1mgocqhttp[0m 尝试重连... 
[38;5;8m2023-04-08 18:52:00[0m [W] [38;5;32;1mgocqhttp[0m Protocol -> device lock is disable. http api may fail.
[38;5;8m2023-04-08 19:58:12[0m [I] [38;5;32;1mgocqhttp[0m https://docs.qq.com/doc/DYWtrWVZSZW1ydWpS[CQ:image,file=c1201fd635b115779239206f4dea97e1.image,subType=0,url=https://gchat.qpic.cn/gchatpic_new/2854196310/780288114-2831629636-C1201FD635B115779239206F4DEA97E1/0?term=2&amp;is_origin=0]
[38;5;8m2023-04-08 19:58:12[0m [I] [38;5;32;1mgocqhttp[0m ——来自群管理员（1106823162）的编辑 (-760532792)
[38;5;8m2023-04-08 20:12:50[0m [I] [38;5;32;1mgocqhttp[0m (-704611287)
[38;5;8m2023-04-08 20:12:56[0m [I] [38;5;32;1mgocqhttp[0m https://docs.qq.com/doc/DYVFDc1NzdGx5TXRI (1326001555)
[38;5;8m2023-04-08 23:00:30[0m [I] [38;5;78;1mapp[0m [38;5;15;1mKoishi/4.12.3[0m
[38;5;8m2023-04-08 23:00:30[0m [I] [38;5;78;1mapp[0m apply plugin [38;5;78mgroup:basic[0m
[38;5;8m2023-04-08 23:00:30[0m [I] [38;5;78;1mapp[0m apply plugin [38;5;78mcommands[0m
[38;5;8m2023-04-08 23:00:30[0m [I] [38;5;78;1mapp[0m apply plugin [38;5;78mhelp[0m
[38;5;8m2023-04-08 23:00:30[0m [I] [38;5;78;1mapp[0m apply plugin [38;5;78mrate-limit[0m
[38;5;8m2023-04-08 23:00:30[0m [I] [38;5;78;1mapp[0m apply plugin [38;5;78mgroup:entry[0m
[38;5;8m2023-04-08 23:00:30[0m [I] [38;5;78;1mapp[0m apply plugin [38;5;78mlocales[0m
[38;5;8m2023-04-08 23:00:30[0m [I] [38;5;78;1mapp[0m apply plugin [38;5;78mgroup:console[0m
[38;5;8m2023-04-08 23:00:30[0m [I] [38;5;78;1mapp[0m apply plugin [38;5;78manalytics[0m
[38;5;8m2023-04-08 23:00:30[0m [I] [38;5;78;1mapp[0m apply plugin [38;5;78mlogger[0m
[38;5;8m2023-04-08 23:00:30[0m [I] [38;5;78;1mapp[0m apply plugin [38;5;78mconsole[0m
[38;5;8m2023-04-08 23:00:30[0m [I] [38;5;78;1mapp[0m apply plugin [38;5;78mdataview[0m
[38;5;8m2023-04-08 23:00:30[0m [I] [38;5;78;1mapp[0m apply plugin [38;5;78minsight[0m
[38;5;8m2023-04-08 23:00:30[0m [I] [38;5;78;1mapp[0m apply plugin [38;5;78msandbox[0m
[38;5;8m2023-04-08 23:00:30[0m [I] [38;5;78;1mapp[0m apply plugin [38;5;78mmarket[0m
[38;5;8m2023-04-08 23:00:30[0m [I] [38;5;78;1mapp[0m apply plugin [38;5;78mstatus[0m
[38;5;8m2023-04-08 23:00:30[0m [I] [38;5;78;1mapp[0m apply plugin [38;5;78mgroup:storage[0m
[38;5;8m2023-04-08 23:00:30[0m [I] [38;5;78;1mapp[0m apply plugin [38;5;78mgroup:adapter[0m
[38;5;8m2023-04-08 23:00:30[0m [I] [38;5;78;1mapp[0m apply plugin [38;5;78massets-local[0m
[38;5;8m2023-04-08 23:00:30[0m [I] [38;5;78;1mapp[0m apply plugin [38;5;78mgocqhttp[0m
[38;5;8m2023-04-08 23:00:30[0m [I] [38;5;78;1mapp[0m apply plugin [38;5;78mdatabase-sqlite[0m
[38;5;8m2023-04-08 23:00:30[0m [I] [38;5;78;1mapp[0m apply plugin [38;5;78madapter-onebot[0m
[38;5;8m2023-04-08 23:00:30[0m [I] [38;5;204;1massets[0m missing config "selfUrl", fallback to "file:" scheme
[38;5;8m2023-04-08 23:00:30[0m [I] [38;5;78;1mapp[0m server listening at [38;5;78mhttp://127.0.0.1:5140[0m
[38;5;8m2023-04-08 23:00:32[0m [W] [38;5;178;1mmarket[0m failed to parse [38;5;178mkoishi-plugin-gpt[0m
[38;5;8m2023-04-08 23:00:32[0m [W] [38;5;178;1mmarket[0m Error: Cannot find module 'D:\workplace\bot-zzq\node_modules\koishi-plugin-gpt\lib\index.ts'. Please verify that the package.json has a valid "main" entry
                            at tryPackage (node:internal/modules/cjs/loader:353:19)
                            at Function.Module._findPath (node:internal/modules/cjs/loader:566:18)
                            at Function.Module._resolveFilename (node:internal/modules/cjs/loader:919:27)
                            at Function.resolve (node:internal/modules/cjs/helpers:108:19)
                            at PackageProvider2.loadPackage (D:\workplace\bot-zzq\node_modules\@koishijs\plugin-market\lib\node\index.js:387:26)
                            at PackageProvider2.loadDirectory (D:\workplace\bot-zzq\node_modules\@koishijs\plugin-market\lib\node\index.js:380:16)
                            at async Promise.all (index 0)
                            at async PackageProvider2.prepare (D:\workplace\bot-zzq\node_modules\@koishijs\plugin-market\lib\node\index.js:352:5)
                            at async PackageProvider2.get (D:\workplace\bot-zzq\node_modules\@koishijs\plugin-market\lib\node\index.js:357:5)
                            at async PackageProvider2.refresh (D:\workplace\bot-zzq\node_modules\@koishijs\plugin-console\lib\shared\index.js:66:14)
[38;5;8m2023-04-08 23:00:33[0m [W] [38;5;32;1mgocqhttp[0m Protocol -> device lock is disable. http api may fail.
[38;5;8m2023-04-08 23:06:24[0m [I] [38;5;78;1mapp[0m [38;5;15;1mKoishi/4.12.3[0m
[38;5;8m2023-04-08 23:06:25[0m [I] [38;5;78;1mapp[0m apply plugin [38;5;78mgroup:entry[0m
[38;5;8m2023-04-08 23:06:25[0m [I] [38;5;78;1mapp[0m apply plugin [38;5;78mgroup:basic[0m
[38;5;8m2023-04-08 23:06:25[0m [I] [38;5;78;1mapp[0m apply plugin [38;5;78mcommands[0m
[38;5;8m2023-04-08 23:06:25[0m [I] [38;5;78;1mapp[0m apply plugin [38;5;78mhelp[0m
[38;5;8m2023-04-08 23:06:25[0m [I] [38;5;78;1mapp[0m apply plugin [38;5;78mlocales[0m
[38;5;8m2023-04-08 23:06:25[0m [I] [38;5;78;1mapp[0m apply plugin [38;5;78mrate-limit[0m
[38;5;8m2023-04-08 23:06:26[0m [I] [38;5;78;1mapp[0m apply plugin [38;5;78mgroup:console[0m
[38;5;8m2023-04-08 23:06:26[0m [I] [38;5;78;1mapp[0m apply plugin [38;5;78manalytics[0m
[38;5;8m2023-04-08 23:06:26[0m [I] [38;5;78;1mapp[0m apply plugin [38;5;78mdataview[0m
[38;5;8m2023-04-08 23:06:26[0m [I] [38;5;78;1mapp[0m apply plugin [38;5;78mconsole[0m
[38;5;8m2023-04-08 23:06:26[0m [I] [38;5;78;1mapp[0m apply plugin [38;5;78minsight[0m
[38;5;8m2023-04-08 23:06:26[0m [I] [38;5;78;1mapp[0m apply plugin [38;5;78mlogger[0m
[38;5;8m2023-04-08 23:06:26[0m [I] [38;5;78;1mapp[0m apply plugin [38;5;78mmarket[0m
[38;5;8m2023-04-08 23:06:27[0m [I] [38;5;78;1mapp[0m apply plugin [38;5;78msandbox[0m
[38;5;8m2023-04-08 23:06:28[0m [I] [38;5;78;1mapp[0m apply plugin [38;5;78mdatabase-sqlite[0m
[38;5;8m2023-04-08 23:06:27[0m [I] [38;5;78;1mapp[0m apply plugin [38;5;78mstatus[0m
[38;5;8m2023-04-08 23:06:28[0m [I] [38;5;78;1mapp[0m apply plugin [38;5;78massets-local[0m
[38;5;8m2023-04-08 23:06:28[0m [I] [38;5;78;1mapp[0m apply plugin [38;5;78mgroup:storage[0m
[38;5;8m2023-04-08 23:06:28[0m [I] [38;5;78;1mapp[0m apply plugin [38;5;78mgocqhttp[0m
[38;5;8m2023-04-08 23:06:28[0m [I] [38;5;78;1mapp[0m apply plugin [38;5;78mgroup:adapter[0m
[38;5;8m2023-04-08 23:06:28[0m [I] [38;5;78;1mapp[0m apply plugin [38;5;78mgroup:develop[0m
[38;5;8m2023-04-08 23:06:28[0m [I] [38;5;78;1mapp[0m apply plugin [38;5;78madapter-onebot[0m
[38;5;8m2023-04-08 23:06:28[0m [I] [38;5;78;1mapp[0m apply plugin [38;5;78mhmr[0m
[38;5;8m2023-04-08 23:06:29[0m [I] [38;5;204;1massets[0m missing config "selfUrl", fallback to "file:" scheme
[38;5;8m2023-04-08 23:06:29[0m [I] [38;5;78;1mapp[0m server listening at [38;5;78mhttp://127.0.0.1:5140[0m
[38;5;8m2023-04-08 23:06:36[0m [W] [38;5;178;1mmarket[0m timeout of 5000ms exceeded
[38;5;8m2023-04-08 23:06:36[0m [W] [38;5;178;1mmarket[0m timeout of 5000ms exceeded
[38;5;8m2023-04-08 23:06:36[0m [W] [38;5;178;1mmarket[0m timeout of 5000ms exceeded
[38;5;8m2023-04-08 23:06:36[0m [W] [38;5;178;1mmarket[0m timeout of 5000ms exceeded
[38;5;8m2023-04-08 23:06:36[0m [W] [38;5;178;1mmarket[0m timeout of 5000ms exceeded
[38;5;8m2023-04-08 23:06:36[0m [W] [38;5;178;1mmarket[0m timeout of 5000ms exceeded
[38;5;8m2023-04-08 23:06:36[0m [W] [38;5;178;1mmarket[0m timeout of 5000ms exceeded
[38;5;8m2023-04-08 23:06:36[0m [W] [38;5;178;1mmarket[0m timeout of 5000ms exceeded
[38;5;8m2023-04-08 23:06:37[0m [W] [38;5;178;1mmarket[0m timeout of 5000ms exceeded
[38;5;8m2023-04-08 23:06:36[0m [W] [38;5;178;1mmarket[0m timeout of 5000ms exceeded
[38;5;8m2023-04-08 23:06:37[0m [W] [38;5;32;1mgocqhttp[0m Protocol -> device lock is disable. http api may fail.
[38;5;8m2023-04-08 23:06:48[0m [W] [38;5;178;1mmarket[0m aborted
[38;5;8m2023-04-08 23:06:48[0m [W] [38;5;178;1mmarket[0m aborted
[38;5;8m2023-04-08 23:06:48[0m [W] [38;5;178;1mmarket[0m aborted
[38;5;8m2023-04-08 23:07:33[0m [I] [38;5;78;1mapp[0m apply plugin [38;5;78mgpt:usphl2[0m
[38;5;8m2023-04-08 23:08:22[0m [I] [38;5;167;1mwatch[0m reload plugin at [38;5;167mexternal\gpt\src\index.ts[0m
[38;5;8m2023-04-08 23:16:19[0m [I] [38;5;167;1mwatch[0m reload plugin at [38;5;167mexternal\gpt\src\index.ts[0m
[38;5;8m2023-04-08 23:24:48[0m [I] [38;5;167;1mwatch[0m reload plugin at [38;5;167mexternal\gpt\src\index.ts[0m
[38;5;8m2023-04-08 23:31:41[0m [I] [38;5;167;1mwatch[0m reload plugin at [38;5;167mexternal\gpt\src\index.ts[0m
[38;5;8m2023-04-08 23:31:51[0m [I] [38;5;167;1mwatch[0m reload plugin at [38;5;167mexternal\gpt\src\index.ts[0m
[38;5;8m2023-04-08 23:32:01[0m [W] [38;5;215;1mcommand[0m rexbtu 请问三国演义是什么
                        ReferenceError: fetch is not defined
                            at null.api (d:\workplace\bot-zzq\external\gpt\src\fetch.ts:8:18)
                            at _Command.<anonymous> (d:\workplace\bot-zzq\external\gpt\src\index.ts:14:41)
                            at Array.<anonymous> (D:\workplace\bot-zzq\node_modules\@koishijs\core\src\command\command.ts:285:27)
                            at Object.argv.next (D:\workplace\bot-zzq\node_modules\@koishijs\core\src\command\command.ts:297:14)
                            at _Command.execute (D:\workplace\bot-zzq\node_modules\@koishijs\core\src\command\command.ts:301:33)
                            at processTicksAndRejections (node:internal/process/task_queues:96:5)
                            at null.<anonymous> (D:\workplace\bot-zzq\node_modules\@koishijs\core\src\session.ts:388:22)
                            at Session2.withScope (D:\workplace\bot-zzq\node_modules\@koishijs\core\src\session.ts:266:14)
                            at null.next (D:\workplace\bot-zzq\node_modules\@koishijs\core\src\middleware.ts:312:16)
                            at null.next (D:\workplace\bot-zzq\node_modules\@koishijs\core\src\middleware.ts:312:16)
[38;5;8m2023-04-08 23:39:20[0m [I] [38;5;167;1mwatch[0m reload plugin at [38;5;167mexternal\gpt\src\index.ts[0m
[38;5;8m2023-04-08 23:45:29[0m [I] [38;5;167;1mwatch[0m reload plugin at [38;5;167mexternal\gpt\src\index.ts[0m
[38;5;8m2023-04-08 23:45:42[0m [I] [38;5;167;1mwatch[0m reload plugin at [38;5;167mexternal\gpt\src\index.ts[0m
[38;5;8m2023-04-08 23:45:50[0m [I] [38;5;167;1mwatch[0m reload plugin at [38;5;167mexternal\gpt\src\index.ts[0m
[38;5;8m2023-04-08 23:46:02[0m [W] [38;5;215;1mcommand[0m rexbtu 请问三国演义是什么
                        AxiosError: Request failed with status code 400
                            at null.settle (D:\workplace\bot-zzq\external\gpt\node_modules\axios\lib\core\settle.js:19:12)
                            at IncomingMessage.handleStreamEnd (D:\workplace\bot-zzq\external\gpt\node_modules\axios\lib\adapters\http.js:556:11)
                            at IncomingMessage.emit (node:events:402:35)
                            at endReadableNT (node:internal/streams/readable:1343:12)
                            at processTicksAndRejections (node:internal/process/task_queues:83:21)
[38;5;8m2023-04-08 23:46:33[0m [I] [38;5;167;1mwatch[0m reload plugin at [38;5;167mexternal\gpt\src\index.ts[0m
[38;5;8m2023-04-08 23:47:10[0m [I] [38;5;167;1mwatch[0m reload plugin at [38;5;167mexternal\gpt\src\index.ts[0m
[38;5;8m2023-04-08 23:47:20[0m [W] [38;5;215;1mcommand[0m rexbtu 请问三国演义是什么
                        AxiosError: Request failed with status code 400
                            at null.settle (D:\workplace\bot-zzq\external\gpt\node_modules\axios\lib\core\settle.js:19:12)
                            at IncomingMessage.handleStreamEnd (D:\workplace\bot-zzq\external\gpt\node_modules\axios\lib\adapters\http.js:556:11)
                            at IncomingMessage.emit (node:events:402:35)
                            at endReadableNT (node:internal/streams/readable:1343:12)
                            at processTicksAndRejections (node:internal/process/task_queues:83:21)
[38;5;8m2023-04-08 23:48:58[0m [I] [38;5;167;1mwatch[0m reload plugin at [38;5;167mexternal\gpt\src\index.ts[0m
[38;5;8m2023-04-08 23:49:21[0m [I] [38;5;167;1mwatch[0m reload plugin at [38;5;167mexternal\gpt\src\index.ts[0m
[38;5;8m2023-04-08 23:49:30[0m [W] [38;5;215;1mcommand[0m rexbtu 请问三国演义是什么
                        AxiosError: Request failed with status code 400
                            at null.settle (D:\workplace\bot-zzq\external\gpt\node_modules\axios\lib\core\settle.js:19:12)
                            at IncomingMessage.handleStreamEnd (D:\workplace\bot-zzq\external\gpt\node_modules\axios\lib\adapters\http.js:556:11)
                            at IncomingMessage.emit (node:events:402:35)
                            at endReadableNT (node:internal/streams/readable:1343:12)
                            at processTicksAndRejections (node:internal/process/task_queues:83:21)
[38;5;8m2023-04-08 23:54:20[0m [I] [38;5;167;1mwatch[0m reload plugin at [38;5;167mexternal\gpt\src\index.ts[0m
[38;5;8m2023-04-08 23:55:08[0m [W] [38;5;129;1msession[0m TypeError: Invalid content: [object Object]
                            at null.toElement (D:\workplace\bot-zzq\node_modules\@satorijs\element\src\index.ts:16:11)
                            at null.toElementArray (D:\workplace\bot-zzq\node_modules\@satorijs\element\src\index.ts:24:13)
                            at Function.normalize (D:\workplace\bot-zzq\node_modules\@satorijs\element\src\index.ts:115:44)
                            at OneBotMessenger.send (D:\workplace\bot-zzq\node_modules\@satorijs\core\src\message.ts:41:37)
                            at OneBotBot.sendMessage (D:\workplace\bot-zzq\node_modules\@satorijs\adapter-onebot\src\bot\base.ts:13:67)
                            at Session2.send (D:\workplace\bot-zzq\node_modules\@koishijs\core\src\session.ts:116:21)
                            at Session2.import_koishi2.Session.send (D:\workplace\bot-zzq\node_modules\@koishijs\plugin-analytics\src\stats.ts:48:15)
                            at null.<anonymous> (D:\workplace\bot-zzq\node_modules\@koishijs\core\src\session.ts:393:18)
                            at processTicksAndRejections (node:internal/process/task_queues:96:5)
                            at Session2.withScope (D:\workplace\bot-zzq\node_modules\@koishijs\core\src\session.ts:266:14)
